  main.cpp
C:\Users\Mahadi Ankon\Desktop\Texture\main.cpp(177,59): warning C4305: 'argument': truncation from 'double' to 'float'
C:\Users\Mahadi Ankon\Desktop\Texture\main.cpp(177,30): warning C4305: 'argument': truncation from 'double' to 'float'
C:\Users\Mahadi Ankon\Desktop\Texture\main.cpp(181,30): warning C4305: 'argument': truncation from 'double' to 'float'
C:\Users\Mahadi Ankon\Desktop\Texture\main.cpp(181,20): warning C4305: 'argument': truncation from 'double' to 'float'
C:\Users\Mahadi Ankon\Desktop\Texture\main.cpp(184,28): warning C4305: 'argument': truncation from 'double' to 'float'
C:\Users\Mahadi Ankon\Desktop\Texture\main.cpp(184,19): warning C4305: 'argument': truncation from 'double' to 'float'
C:\Users\Mahadi Ankon\Desktop\Texture\main.cpp(189,55): warning C4305: 'argument': truncation from 'double' to 'float'
C:\Users\Mahadi Ankon\Desktop\Texture\main.cpp(189,50): warning C4305: 'argument': truncation from 'double' to 'float'
C:\Users\Mahadi Ankon\Desktop\Texture\main.cpp(189,26): warning C4305: 'argument': truncation from 'double' to 'float'
C:\Users\Mahadi Ankon\Desktop\Texture\main.cpp(189,20): warning C4305: 'argument': truncation from 'double' to 'float'
C:\Users\Mahadi Ankon\Desktop\Texture\main.cpp(192,57): warning C4305: 'argument': truncation from 'double' to 'float'
C:\Users\Mahadi Ankon\Desktop\Texture\main.cpp(192,52): warning C4305: 'argument': truncation from 'double' to 'float'
C:\Users\Mahadi Ankon\Desktop\Texture\main.cpp(192,47): warning C4305: 'argument': truncation from 'double' to 'float'
C:\Users\Mahadi Ankon\Desktop\Texture\main.cpp(192,33): warning C4305: 'argument': truncation from 'double' to 'float'
C:\Users\Mahadi Ankon\Desktop\Texture\main.cpp(192,26): warning C4305: 'argument': truncation from 'double' to 'float'
C:\Users\Mahadi Ankon\Desktop\Texture\main.cpp(192,20): warning C4305: 'argument': truncation from 'double' to 'float'
C:\Users\Mahadi Ankon\Desktop\Texture\main.cpp(195,63): warning C4305: 'argument': truncation from 'double' to 'float'
C:\Users\Mahadi Ankon\Desktop\Texture\main.cpp(195,58): warning C4305: 'argument': truncation from 'double' to 'float'
C:\Users\Mahadi Ankon\Desktop\Texture\main.cpp(195,53): warning C4305: 'argument': truncation from 'double' to 'float'
C:\Users\Mahadi Ankon\Desktop\Texture\main.cpp(195,39): warning C4305: 'argument': truncation from 'double' to 'float'
C:\Users\Mahadi Ankon\Desktop\Texture\main.cpp(195,32): warning C4305: 'argument': truncation from 'double' to 'float'
C:\Users\Mahadi Ankon\Desktop\Texture\main.cpp(195,24): warning C4305: 'argument': truncation from 'double' to 'float'
C:\Users\Mahadi Ankon\Desktop\Texture\main.cpp(199,52): warning C4305: 'argument': truncation from 'double' to 'float'
C:\Users\Mahadi Ankon\Desktop\Texture\main.cpp(199,46): warning C4305: 'argument': truncation from 'double' to 'float'
C:\Users\Mahadi Ankon\Desktop\Texture\main.cpp(199,20): warning C4305: 'argument': truncation from 'double' to 'float'
C:\Users\Mahadi Ankon\Desktop\Texture\main.cpp(203,58): warning C4305: 'argument': truncation from 'double' to 'float'
C:\Users\Mahadi Ankon\Desktop\Texture\main.cpp(203,52): warning C4305: 'argument': truncation from 'double' to 'float'
C:\Users\Mahadi Ankon\Desktop\Texture\main.cpp(203,24): warning C4305: 'argument': truncation from 'double' to 'float'
C:\Users\Mahadi Ankon\Desktop\Texture\main.cpp(211,61): warning C4305: 'argument': truncation from 'double' to 'float'
C:\Users\Mahadi Ankon\Desktop\Texture\main.cpp(211,42): warning C4305: 'argument': truncation from 'double' to 'float'
C:\Users\Mahadi Ankon\Desktop\Texture\main.cpp(211,37): warning C4305: 'argument': truncation from 'double' to 'float'
C:\Users\Mahadi Ankon\Desktop\Texture\main.cpp(211,30): warning C4305: 'argument': truncation from 'double' to 'float'
C:\Users\Mahadi Ankon\Desktop\Texture\main.cpp(214,57): warning C4305: 'argument': truncation from 'double' to 'float'
C:\Users\Mahadi Ankon\Desktop\Texture\main.cpp(214,52): warning C4305: 'argument': truncation from 'double' to 'float'
C:\Users\Mahadi Ankon\Desktop\Texture\main.cpp(214,46): warning C4305: 'argument': truncation from 'double' to 'float'
C:\Users\Mahadi Ankon\Desktop\Texture\main.cpp(214,27): warning C4305: 'argument': truncation from 'double' to 'float'
C:\Users\Mahadi Ankon\Desktop\Texture\main.cpp(214,20): warning C4305: 'argument': truncation from 'double' to 'float'
C:\Users\Mahadi Ankon\Desktop\Texture\main.cpp(220,64): warning C4305: 'argument': truncation from 'double' to 'float'
C:\Users\Mahadi Ankon\Desktop\Texture\main.cpp(220,59): warning C4305: 'argument': truncation from 'double' to 'float'
C:\Users\Mahadi Ankon\Desktop\Texture\main.cpp(220,53): warning C4305: 'argument': truncation from 'double' to 'float'
C:\Users\Mahadi Ankon\Desktop\Texture\main.cpp(220,34): warning C4305: 'argument': truncation from 'double' to 'float'
C:\Users\Mahadi Ankon\Desktop\Texture\main.cpp(220,25): warning C4305: 'argument': truncation from 'double' to 'float'
C:\Users\Mahadi Ankon\Desktop\Texture\main.cpp(224,63): warning C4305: 'argument': truncation from 'double' to 'float'
C:\Users\Mahadi Ankon\Desktop\Texture\main.cpp(224,58): warning C4305: 'argument': truncation from 'double' to 'float'
C:\Users\Mahadi Ankon\Desktop\Texture\main.cpp(224,52): warning C4305: 'argument': truncation from 'double' to 'float'
C:\Users\Mahadi Ankon\Desktop\Texture\main.cpp(224,36): warning C4305: 'argument': truncation from 'double' to 'float'
C:\Users\Mahadi Ankon\Desktop\Texture\main.cpp(224,27): warning C4305: 'argument': truncation from 'double' to 'float'
C:\Users\Mahadi Ankon\Desktop\Texture\main.cpp(224,20): warning C4305: 'argument': truncation from 'double' to 'float'
C:\Users\Mahadi Ankon\Desktop\Texture\main.cpp(228,71): warning C4305: 'argument': truncation from 'double' to 'float'
C:\Users\Mahadi Ankon\Desktop\Texture\main.cpp(228,66): warning C4305: 'argument': truncation from 'double' to 'float'
C:\Users\Mahadi Ankon\Desktop\Texture\main.cpp(228,60): warning C4305: 'argument': truncation from 'double' to 'float'
C:\Users\Mahadi Ankon\Desktop\Texture\main.cpp(228,44): warning C4305: 'argument': truncation from 'double' to 'float'
C:\Users\Mahadi Ankon\Desktop\Texture\main.cpp(228,35): warning C4305: 'argument': truncation from 'double' to 'float'
C:\Users\Mahadi Ankon\Desktop\Texture\main.cpp(228,25): warning C4305: 'argument': truncation from 'double' to 'float'
C:\Users\Mahadi Ankon\Desktop\Texture\main.cpp(236,66): warning C4305: 'argument': truncation from 'double' to 'float'
C:\Users\Mahadi Ankon\Desktop\Texture\main.cpp(236,56): warning C4305: 'argument': truncation from 'double' to 'float'
C:\Users\Mahadi Ankon\Desktop\Texture\main.cpp(236,37): warning C4305: 'argument': truncation from 'double' to 'float'
C:\Users\Mahadi Ankon\Desktop\Texture\main.cpp(236,30): warning C4305: 'argument': truncation from 'double' to 'float'
C:\Users\Mahadi Ankon\Desktop\Texture\main.cpp(239,56): warning C4305: 'argument': truncation from 'double' to 'float'
C:\Users\Mahadi Ankon\Desktop\Texture\main.cpp(239,46): warning C4305: 'argument': truncation from 'double' to 'float'
C:\Users\Mahadi Ankon\Desktop\Texture\main.cpp(239,27): warning C4305: 'argument': truncation from 'double' to 'float'
C:\Users\Mahadi Ankon\Desktop\Texture\main.cpp(239,20): warning C4305: 'argument': truncation from 'double' to 'float'
C:\Users\Mahadi Ankon\Desktop\Texture\main.cpp(242,58): warning C4305: 'argument': truncation from 'double' to 'float'
C:\Users\Mahadi Ankon\Desktop\Texture\main.cpp(242,48): warning C4305: 'argument': truncation from 'double' to 'float'
C:\Users\Mahadi Ankon\Desktop\Texture\main.cpp(242,33): warning C4305: 'argument': truncation from 'double' to 'float'
C:\Users\Mahadi Ankon\Desktop\Texture\main.cpp(242,27): warning C4305: 'argument': truncation from 'double' to 'float'
C:\Users\Mahadi Ankon\Desktop\Texture\main.cpp(242,20): warning C4305: 'argument': truncation from 'double' to 'float'
C:\Users\Mahadi Ankon\Desktop\Texture\main.cpp(246,59): warning C4305: 'argument': truncation from 'double' to 'float'
C:\Users\Mahadi Ankon\Desktop\Texture\main.cpp(246,54): warning C4305: 'argument': truncation from 'double' to 'float'
C:\Users\Mahadi Ankon\Desktop\Texture\main.cpp(246,49): warning C4305: 'argument': truncation from 'double' to 'float'
C:\Users\Mahadi Ankon\Desktop\Texture\main.cpp(246,32): warning C4305: 'argument': truncation from 'double' to 'float'
C:\Users\Mahadi Ankon\Desktop\Texture\main.cpp(246,27): warning C4305: 'argument': truncation from 'double' to 'float'
C:\Users\Mahadi Ankon\Desktop\Texture\main.cpp(246,20): warning C4305: 'argument': truncation from 'double' to 'float'
C:\Users\Mahadi Ankon\Desktop\Texture\main.cpp(250,59): warning C4305: 'argument': truncation from 'double' to 'float'
C:\Users\Mahadi Ankon\Desktop\Texture\main.cpp(250,54): warning C4305: 'argument': truncation from 'double' to 'float'
C:\Users\Mahadi Ankon\Desktop\Texture\main.cpp(250,49): warning C4305: 'argument': truncation from 'double' to 'float'
C:\Users\Mahadi Ankon\Desktop\Texture\main.cpp(250,32): warning C4305: 'argument': truncation from 'double' to 'float'
C:\Users\Mahadi Ankon\Desktop\Texture\main.cpp(250,27): warning C4305: 'argument': truncation from 'double' to 'float'
C:\Users\Mahadi Ankon\Desktop\Texture\main.cpp(250,20): warning C4305: 'argument': truncation from 'double' to 'float'
C:\Users\Mahadi Ankon\Desktop\Texture\main.cpp(253,59): warning C4305: 'argument': truncation from 'double' to 'float'
C:\Users\Mahadi Ankon\Desktop\Texture\main.cpp(253,54): warning C4305: 'argument': truncation from 'double' to 'float'
C:\Users\Mahadi Ankon\Desktop\Texture\main.cpp(253,49): warning C4305: 'argument': truncation from 'double' to 'float'
C:\Users\Mahadi Ankon\Desktop\Texture\main.cpp(253,32): warning C4305: 'argument': truncation from 'double' to 'float'
C:\Users\Mahadi Ankon\Desktop\Texture\main.cpp(253,26): warning C4305: 'argument': truncation from 'double' to 'float'
C:\Users\Mahadi Ankon\Desktop\Texture\main.cpp(253,20): warning C4305: 'argument': truncation from 'double' to 'float'
C:\Users\Mahadi Ankon\Desktop\Texture\main.cpp(258,60): warning C4305: 'argument': truncation from 'double' to 'float'
C:\Users\Mahadi Ankon\Desktop\Texture\main.cpp(258,55): warning C4305: 'argument': truncation from 'double' to 'float'
C:\Users\Mahadi Ankon\Desktop\Texture\main.cpp(258,50): warning C4305: 'argument': truncation from 'double' to 'float'
C:\Users\Mahadi Ankon\Desktop\Texture\main.cpp(258,33): warning C4305: 'argument': truncation from 'double' to 'float'
C:\Users\Mahadi Ankon\Desktop\Texture\main.cpp(258,26): warning C4305: 'argument': truncation from 'double' to 'float'
C:\Users\Mahadi Ankon\Desktop\Texture\main.cpp(258,20): warning C4305: 'argument': truncation from 'double' to 'float'
C:\Users\Mahadi Ankon\Desktop\Texture\main.cpp(266,66): warning C4305: 'argument': truncation from 'double' to 'float'
C:\Users\Mahadi Ankon\Desktop\Texture\main.cpp(266,56): warning C4305: 'argument': truncation from 'double' to 'float'
C:\Users\Mahadi Ankon\Desktop\Texture\main.cpp(266,37): warning C4305: 'argument': truncation from 'double' to 'float'
C:\Users\Mahadi Ankon\Desktop\Texture\main.cpp(266,30): warning C4305: 'argument': truncation from 'double' to 'float'
C:\Users\Mahadi Ankon\Desktop\Texture\main.cpp(269,56): warning C4305: 'argument': truncation from 'double' to 'float'
C:\Users\Mahadi Ankon\Desktop\Texture\main.cpp(269,46): warning C4305: 'argument': truncation from 'double' to 'float'
C:\Users\Mahadi Ankon\Desktop\Texture\main.cpp(269,27): warning C4305: 'argument': truncation from 'double' to 'float'
C:\Users\Mahadi Ankon\Desktop\Texture\main.cpp(269,20): warning C4305: 'argument': truncation from 'double' to 'float'
C:\Users\Mahadi Ankon\Desktop\Texture\main.cpp(273,59): warning C4305: 'argument': truncation from 'double' to 'float'
C:\Users\Mahadi Ankon\Desktop\Texture\main.cpp(273,49): warning C4305: 'argument': truncation from 'double' to 'float'
C:\Users\Mahadi Ankon\Desktop\Texture\main.cpp(273,33): warning C4305: 'argument': truncation from 'double' to 'float'
C:\Users\Mahadi Ankon\Desktop\Texture\main.cpp(273,27): warning C4305: 'argument': truncation from 'double' to 'float'
C:\Users\Mahadi Ankon\Desktop\Texture\main.cpp(273,20): warning C4305: 'argument': truncation from 'double' to 'float'
C:\Users\Mahadi Ankon\Desktop\Texture\main.cpp(276,58): warning C4305: 'argument': truncation from 'double' to 'float'
C:\Users\Mahadi Ankon\Desktop\Texture\main.cpp(276,48): warning C4305: 'argument': truncation from 'double' to 'float'
C:\Users\Mahadi Ankon\Desktop\Texture\main.cpp(276,33): warning C4305: 'argument': truncation from 'double' to 'float'
C:\Users\Mahadi Ankon\Desktop\Texture\main.cpp(276,27): warning C4305: 'argument': truncation from 'double' to 'float'
C:\Users\Mahadi Ankon\Desktop\Texture\main.cpp(276,20): warning C4305: 'argument': truncation from 'double' to 'float'
C:\Users\Mahadi Ankon\Desktop\Texture\main.cpp(279,59): warning C4305: 'argument': truncation from 'double' to 'float'
C:\Users\Mahadi Ankon\Desktop\Texture\main.cpp(279,54): warning C4305: 'argument': truncation from 'double' to 'float'
C:\Users\Mahadi Ankon\Desktop\Texture\main.cpp(279,49): warning C4305: 'argument': truncation from 'double' to 'float'
C:\Users\Mahadi Ankon\Desktop\Texture\main.cpp(279,32): warning C4305: 'argument': truncation from 'double' to 'float'
C:\Users\Mahadi Ankon\Desktop\Texture\main.cpp(279,27): warning C4305: 'argument': truncation from 'double' to 'float'
C:\Users\Mahadi Ankon\Desktop\Texture\main.cpp(279,20): warning C4305: 'argument': truncation from 'double' to 'float'
C:\Users\Mahadi Ankon\Desktop\Texture\main.cpp(282,59): warning C4305: 'argument': truncation from 'double' to 'float'
C:\Users\Mahadi Ankon\Desktop\Texture\main.cpp(282,54): warning C4305: 'argument': truncation from 'double' to 'float'
C:\Users\Mahadi Ankon\Desktop\Texture\main.cpp(282,49): warning C4305: 'argument': truncation from 'double' to 'float'
C:\Users\Mahadi Ankon\Desktop\Texture\main.cpp(282,32): warning C4305: 'argument': truncation from 'double' to 'float'
C:\Users\Mahadi Ankon\Desktop\Texture\main.cpp(282,27): warning C4305: 'argument': truncation from 'double' to 'float'
C:\Users\Mahadi Ankon\Desktop\Texture\main.cpp(282,20): warning C4305: 'argument': truncation from 'double' to 'float'
C:\Users\Mahadi Ankon\Desktop\Texture\main.cpp(285,59): warning C4305: 'argument': truncation from 'double' to 'float'
C:\Users\Mahadi Ankon\Desktop\Texture\main.cpp(285,54): warning C4305: 'argument': truncation from 'double' to 'float'
C:\Users\Mahadi Ankon\Desktop\Texture\main.cpp(285,49): warning C4305: 'argument': truncation from 'double' to 'float'
C:\Users\Mahadi Ankon\Desktop\Texture\main.cpp(285,32): warning C4305: 'argument': truncation from 'double' to 'float'
C:\Users\Mahadi Ankon\Desktop\Texture\main.cpp(285,26): warning C4305: 'argument': truncation from 'double' to 'float'
C:\Users\Mahadi Ankon\Desktop\Texture\main.cpp(285,20): warning C4305: 'argument': truncation from 'double' to 'float'
C:\Users\Mahadi Ankon\Desktop\Texture\main.cpp(288,60): warning C4305: 'argument': truncation from 'double' to 'float'
C:\Users\Mahadi Ankon\Desktop\Texture\main.cpp(288,55): warning C4305: 'argument': truncation from 'double' to 'float'
C:\Users\Mahadi Ankon\Desktop\Texture\main.cpp(288,50): warning C4305: 'argument': truncation from 'double' to 'float'
C:\Users\Mahadi Ankon\Desktop\Texture\main.cpp(288,33): warning C4305: 'argument': truncation from 'double' to 'float'
C:\Users\Mahadi Ankon\Desktop\Texture\main.cpp(288,26): warning C4305: 'argument': truncation from 'double' to 'float'
C:\Users\Mahadi Ankon\Desktop\Texture\main.cpp(288,20): warning C4305: 'argument': truncation from 'double' to 'float'
C:\Users\Mahadi Ankon\Desktop\Texture\main.cpp(296,69): warning C4305: 'argument': truncation from 'double' to 'float'
C:\Users\Mahadi Ankon\Desktop\Texture\main.cpp(296,57): warning C4305: 'argument': truncation from 'double' to 'float'
C:\Users\Mahadi Ankon\Desktop\Texture\main.cpp(296,37): warning C4305: 'argument': truncation from 'double' to 'float'
C:\Users\Mahadi Ankon\Desktop\Texture\main.cpp(307,70): warning C4305: 'argument': truncation from 'double' to 'float'
C:\Users\Mahadi Ankon\Desktop\Texture\main.cpp(307,58): warning C4305: 'argument': truncation from 'double' to 'float'
C:\Users\Mahadi Ankon\Desktop\Texture\main.cpp(307,42): warning C4305: 'argument': truncation from 'double' to 'float'
C:\Users\Mahadi Ankon\Desktop\Texture\main.cpp(307,37): warning C4305: 'argument': truncation from 'double' to 'float'
C:\Users\Mahadi Ankon\Desktop\Texture\main.cpp(313,70): warning C4305: 'argument': truncation from 'double' to 'float'
C:\Users\Mahadi Ankon\Desktop\Texture\main.cpp(313,65): warning C4305: 'argument': truncation from 'double' to 'float'
C:\Users\Mahadi Ankon\Desktop\Texture\main.cpp(313,60): warning C4305: 'argument': truncation from 'double' to 'float'
C:\Users\Mahadi Ankon\Desktop\Texture\main.cpp(313,43): warning C4305: 'argument': truncation from 'double' to 'float'
C:\Users\Mahadi Ankon\Desktop\Texture\main.cpp(313,37): warning C4305: 'argument': truncation from 'double' to 'float'
C:\Users\Mahadi Ankon\Desktop\Texture\main.cpp(313,30): warning C4305: 'argument': truncation from 'double' to 'float'
C:\Users\Mahadi Ankon\Desktop\Texture\main.cpp(350,50): warning C4305: 'argument': truncation from 'double' to 'float'
C:\Users\Mahadi Ankon\Desktop\Texture\main.cpp(350,33): warning C4305: 'argument': truncation from 'double' to 'float'
C:\Users\Mahadi Ankon\Desktop\Texture\main.cpp(350,26): warning C4305: 'argument': truncation from 'double' to 'float'
C:\Users\Mahadi Ankon\Desktop\Texture\main.cpp(350,20): warning C4305: 'argument': truncation from 'double' to 'float'
C:\Users\Mahadi Ankon\Desktop\Texture\main.cpp(359,57): warning C4305: 'argument': truncation from 'double' to 'float'
C:\Users\Mahadi Ankon\Desktop\Texture\main.cpp(359,36): warning C4305: 'argument': truncation from 'double' to 'float'
C:\Users\Mahadi Ankon\Desktop\Texture\main.cpp(363,50): warning C4305: 'argument': truncation from 'double' to 'float'
C:\Users\Mahadi Ankon\Desktop\Texture\main.cpp(363,26): warning C4305: 'argument': truncation from 'double' to 'float'
C:\Users\Mahadi Ankon\Desktop\Texture\main.cpp(367,56): warning C4305: 'argument': truncation from 'double' to 'float'
C:\Users\Mahadi Ankon\Desktop\Texture\main.cpp(367,47): warning C4305: 'argument': truncation from 'double' to 'float'
C:\Users\Mahadi Ankon\Desktop\Texture\main.cpp(367,32): warning C4305: 'argument': truncation from 'double' to 'float'
C:\Users\Mahadi Ankon\Desktop\Texture\main.cpp(367,25): warning C4305: 'argument': truncation from 'double' to 'float'
C:\Users\Mahadi Ankon\Desktop\Texture\main.cpp(367,20): warning C4305: 'argument': truncation from 'double' to 'float'
C:\Users\Mahadi Ankon\Desktop\Texture\main.cpp(372,49): warning C4305: 'argument': truncation from 'double' to 'float'
C:\Users\Mahadi Ankon\Desktop\Texture\main.cpp(372,26): warning C4305: 'argument': truncation from 'double' to 'float'
C:\Users\Mahadi Ankon\Desktop\Texture\main.cpp(376,55): warning C4305: 'argument': truncation from 'double' to 'float'
C:\Users\Mahadi Ankon\Desktop\Texture\main.cpp(376,45): warning C4305: 'argument': truncation from 'double' to 'float'
C:\Users\Mahadi Ankon\Desktop\Texture\main.cpp(376,31): warning C4305: 'argument': truncation from 'double' to 'float'
C:\Users\Mahadi Ankon\Desktop\Texture\main.cpp(376,25): warning C4305: 'argument': truncation from 'double' to 'float'
C:\Users\Mahadi Ankon\Desktop\Texture\main.cpp(376,20): warning C4305: 'argument': truncation from 'double' to 'float'
C:\Users\Mahadi Ankon\Desktop\Texture\main.cpp(382,45): warning C4305: 'argument': truncation from 'double' to 'float'
C:\Users\Mahadi Ankon\Desktop\Texture\main.cpp(382,26): warning C4305: 'argument': truncation from 'double' to 'float'
C:\Users\Mahadi Ankon\Desktop\Texture\main.cpp(386,43): warning C4305: 'argument': truncation from 'double' to 'float'
C:\Users\Mahadi Ankon\Desktop\Texture\main.cpp(386,26): warning C4305: 'argument': truncation from 'double' to 'float'
C:\Users\Mahadi Ankon\Desktop\Texture\main.cpp(390,45): warning C4305: 'argument': truncation from 'double' to 'float'
C:\Users\Mahadi Ankon\Desktop\Texture\main.cpp(390,25): warning C4305: 'argument': truncation from 'double' to 'float'
C:\Users\Mahadi Ankon\Desktop\Texture\main.cpp(394,44): warning C4305: 'argument': truncation from 'double' to 'float'
C:\Users\Mahadi Ankon\Desktop\Texture\main.cpp(394,25): warning C4305: 'argument': truncation from 'double' to 'float'
C:\Users\Mahadi Ankon\Desktop\Texture\main.cpp(400,42): warning C4305: 'argument': truncation from 'double' to 'float'
C:\Users\Mahadi Ankon\Desktop\Texture\main.cpp(400,25): warning C4305: 'argument': truncation from 'double' to 'float'
C:\Users\Mahadi Ankon\Desktop\Texture\main.cpp(404,43): warning C4305: 'argument': truncation from 'double' to 'float'
C:\Users\Mahadi Ankon\Desktop\Texture\main.cpp(404,24): warning C4305: 'argument': truncation from 'double' to 'float'
C:\Users\Mahadi Ankon\Desktop\Texture\main.cpp(404,19): warning C4305: 'argument': truncation from 'double' to 'float'
C:\Users\Mahadi Ankon\Desktop\Texture\main.cpp(409,47): warning C4305: 'argument': truncation from 'double' to 'float'
C:\Users\Mahadi Ankon\Desktop\Texture\main.cpp(409,25): warning C4305: 'argument': truncation from 'double' to 'float'
C:\Users\Mahadi Ankon\Desktop\Texture\main.cpp(417,59): warning C4305: 'argument': truncation from 'double' to 'float'
C:\Users\Mahadi Ankon\Desktop\Texture\main.cpp(417,36): warning C4305: 'argument': truncation from 'double' to 'float'
C:\Users\Mahadi Ankon\Desktop\Texture\main.cpp(420,48): warning C4305: 'argument': truncation from 'double' to 'float'
C:\Users\Mahadi Ankon\Desktop\Texture\main.cpp(420,26): warning C4305: 'argument': truncation from 'double' to 'float'
C:\Users\Mahadi Ankon\Desktop\Texture\main.cpp(420,20): warning C4305: 'argument': truncation from 'double' to 'float'
C:\Users\Mahadi Ankon\Desktop\Texture\main.cpp(425,50): warning C4305: 'argument': truncation from 'double' to 'float'
C:\Users\Mahadi Ankon\Desktop\Texture\main.cpp(425,26): warning C4305: 'argument': truncation from 'double' to 'float'
C:\Users\Mahadi Ankon\Desktop\Texture\main.cpp(429,56): warning C4305: 'argument': truncation from 'double' to 'float'
C:\Users\Mahadi Ankon\Desktop\Texture\main.cpp(429,47): warning C4305: 'argument': truncation from 'double' to 'float'
C:\Users\Mahadi Ankon\Desktop\Texture\main.cpp(429,32): warning C4305: 'argument': truncation from 'double' to 'float'
C:\Users\Mahadi Ankon\Desktop\Texture\main.cpp(429,25): warning C4305: 'argument': truncation from 'double' to 'float'
C:\Users\Mahadi Ankon\Desktop\Texture\main.cpp(429,20): warning C4305: 'argument': truncation from 'double' to 'float'
C:\Users\Mahadi Ankon\Desktop\Texture\main.cpp(434,49): warning C4305: 'argument': truncation from 'double' to 'float'
C:\Users\Mahadi Ankon\Desktop\Texture\main.cpp(434,26): warning C4305: 'argument': truncation from 'double' to 'float'
C:\Users\Mahadi Ankon\Desktop\Texture\main.cpp(438,55): warning C4305: 'argument': truncation from 'double' to 'float'
C:\Users\Mahadi Ankon\Desktop\Texture\main.cpp(438,45): warning C4305: 'argument': truncation from 'double' to 'float'
C:\Users\Mahadi Ankon\Desktop\Texture\main.cpp(438,31): warning C4305: 'argument': truncation from 'double' to 'float'
C:\Users\Mahadi Ankon\Desktop\Texture\main.cpp(438,25): warning C4305: 'argument': truncation from 'double' to 'float'
C:\Users\Mahadi Ankon\Desktop\Texture\main.cpp(438,20): warning C4305: 'argument': truncation from 'double' to 'float'
C:\Users\Mahadi Ankon\Desktop\Texture\main.cpp(443,43): warning C4305: 'argument': truncation from 'double' to 'float'
C:\Users\Mahadi Ankon\Desktop\Texture\main.cpp(443,26): warning C4305: 'argument': truncation from 'double' to 'float'
C:\Users\Mahadi Ankon\Desktop\Texture\main.cpp(447,44): warning C4305: 'argument': truncation from 'double' to 'float'
C:\Users\Mahadi Ankon\Desktop\Texture\main.cpp(447,25): warning C4305: 'argument': truncation from 'double' to 'float'
C:\Users\Mahadi Ankon\Desktop\Texture\main.cpp(454,43): warning C4305: 'argument': truncation from 'double' to 'float'
C:\Users\Mahadi Ankon\Desktop\Texture\main.cpp(454,24): warning C4305: 'argument': truncation from 'double' to 'float'
C:\Users\Mahadi Ankon\Desktop\Texture\main.cpp(454,19): warning C4305: 'argument': truncation from 'double' to 'float'
C:\Users\Mahadi Ankon\Desktop\Texture\main.cpp(459,47): warning C4305: 'argument': truncation from 'double' to 'float'
C:\Users\Mahadi Ankon\Desktop\Texture\main.cpp(459,25): warning C4305: 'argument': truncation from 'double' to 'float'
C:\Users\Mahadi Ankon\Desktop\Texture\main.cpp(467,57): warning C4305: 'argument': truncation from 'double' to 'float'
C:\Users\Mahadi Ankon\Desktop\Texture\main.cpp(467,36): warning C4305: 'argument': truncation from 'double' to 'float'
C:\Users\Mahadi Ankon\Desktop\Texture\main.cpp(473,50): warning C4305: 'argument': truncation from 'double' to 'float'
C:\Users\Mahadi Ankon\Desktop\Texture\main.cpp(473,26): warning C4305: 'argument': truncation from 'double' to 'float'
C:\Users\Mahadi Ankon\Desktop\Texture\main.cpp(477,56): warning C4305: 'argument': truncation from 'double' to 'float'
C:\Users\Mahadi Ankon\Desktop\Texture\main.cpp(477,47): warning C4305: 'argument': truncation from 'double' to 'float'
C:\Users\Mahadi Ankon\Desktop\Texture\main.cpp(477,32): warning C4305: 'argument': truncation from 'double' to 'float'
C:\Users\Mahadi Ankon\Desktop\Texture\main.cpp(477,25): warning C4305: 'argument': truncation from 'double' to 'float'
C:\Users\Mahadi Ankon\Desktop\Texture\main.cpp(477,20): warning C4305: 'argument': truncation from 'double' to 'float'
C:\Users\Mahadi Ankon\Desktop\Texture\main.cpp(482,49): warning C4305: 'argument': truncation from 'double' to 'float'
C:\Users\Mahadi Ankon\Desktop\Texture\main.cpp(482,26): warning C4305: 'argument': truncation from 'double' to 'float'
C:\Users\Mahadi Ankon\Desktop\Texture\main.cpp(486,55): warning C4305: 'argument': truncation from 'double' to 'float'
C:\Users\Mahadi Ankon\Desktop\Texture\main.cpp(486,45): warning C4305: 'argument': truncation from 'double' to 'float'
C:\Users\Mahadi Ankon\Desktop\Texture\main.cpp(486,31): warning C4305: 'argument': truncation from 'double' to 'float'
C:\Users\Mahadi Ankon\Desktop\Texture\main.cpp(486,25): warning C4305: 'argument': truncation from 'double' to 'float'
C:\Users\Mahadi Ankon\Desktop\Texture\main.cpp(486,20): warning C4305: 'argument': truncation from 'double' to 'float'
C:\Users\Mahadi Ankon\Desktop\Texture\main.cpp(491,43): warning C4305: 'argument': truncation from 'double' to 'float'
C:\Users\Mahadi Ankon\Desktop\Texture\main.cpp(491,26): warning C4305: 'argument': truncation from 'double' to 'float'
C:\Users\Mahadi Ankon\Desktop\Texture\main.cpp(495,44): warning C4305: 'argument': truncation from 'double' to 'float'
C:\Users\Mahadi Ankon\Desktop\Texture\main.cpp(495,25): warning C4305: 'argument': truncation from 'double' to 'float'
C:\Users\Mahadi Ankon\Desktop\Texture\main.cpp(500,42): warning C4305: 'argument': truncation from 'double' to 'float'
C:\Users\Mahadi Ankon\Desktop\Texture\main.cpp(500,25): warning C4305: 'argument': truncation from 'double' to 'float'
C:\Users\Mahadi Ankon\Desktop\Texture\main.cpp(504,43): warning C4305: 'argument': truncation from 'double' to 'float'
C:\Users\Mahadi Ankon\Desktop\Texture\main.cpp(504,24): warning C4305: 'argument': truncation from 'double' to 'float'
C:\Users\Mahadi Ankon\Desktop\Texture\main.cpp(504,19): warning C4305: 'argument': truncation from 'double' to 'float'
C:\Users\Mahadi Ankon\Desktop\Texture\main.cpp(513,63): warning C4305: 'argument': truncation from 'double' to 'float'
C:\Users\Mahadi Ankon\Desktop\Texture\main.cpp(513,58): warning C4305: 'argument': truncation from 'double' to 'float'
C:\Users\Mahadi Ankon\Desktop\Texture\main.cpp(513,53): warning C4305: 'argument': truncation from 'double' to 'float'
C:\Users\Mahadi Ankon\Desktop\Texture\main.cpp(513,36): warning C4305: 'argument': truncation from 'double' to 'float'
C:\Users\Mahadi Ankon\Desktop\Texture\main.cpp(518,53): warning C4305: 'argument': truncation from 'double' to 'float'
C:\Users\Mahadi Ankon\Desktop\Texture\main.cpp(518,48): warning C4305: 'argument': truncation from 'double' to 'float'
C:\Users\Mahadi Ankon\Desktop\Texture\main.cpp(518,43): warning C4305: 'argument': truncation from 'double' to 'float'
C:\Users\Mahadi Ankon\Desktop\Texture\main.cpp(518,26): warning C4305: 'argument': truncation from 'double' to 'float'
C:\Users\Mahadi Ankon\Desktop\Texture\main.cpp(518,20): warning C4305: 'argument': truncation from 'double' to 'float'
C:\Users\Mahadi Ankon\Desktop\Texture\main.cpp(522,54): warning C4305: 'argument': truncation from 'double' to 'float'
C:\Users\Mahadi Ankon\Desktop\Texture\main.cpp(522,48): warning C4305: 'argument': truncation from 'double' to 'float'
C:\Users\Mahadi Ankon\Desktop\Texture\main.cpp(522,43): warning C4305: 'argument': truncation from 'double' to 'float'
C:\Users\Mahadi Ankon\Desktop\Texture\main.cpp(522,26): warning C4305: 'argument': truncation from 'double' to 'float'
C:\Users\Mahadi Ankon\Desktop\Texture\main.cpp(526,52): warning C4305: 'argument': truncation from 'double' to 'float'
C:\Users\Mahadi Ankon\Desktop\Texture\main.cpp(526,46): warning C4305: 'argument': truncation from 'double' to 'float'
C:\Users\Mahadi Ankon\Desktop\Texture\main.cpp(526,41): warning C4305: 'argument': truncation from 'double' to 'float'
C:\Users\Mahadi Ankon\Desktop\Texture\main.cpp(530,54): warning C4305: 'argument': truncation from 'double' to 'float'
C:\Users\Mahadi Ankon\Desktop\Texture\main.cpp(530,48): warning C4305: 'argument': truncation from 'double' to 'float'
C:\Users\Mahadi Ankon\Desktop\Texture\main.cpp(530,43): warning C4305: 'argument': truncation from 'double' to 'float'
C:\Users\Mahadi Ankon\Desktop\Texture\main.cpp(530,25): warning C4305: 'argument': truncation from 'double' to 'float'
C:\Users\Mahadi Ankon\Desktop\Texture\main.cpp(534,54): warning C4305: 'argument': truncation from 'double' to 'float'
C:\Users\Mahadi Ankon\Desktop\Texture\main.cpp(534,48): warning C4305: 'argument': truncation from 'double' to 'float'
C:\Users\Mahadi Ankon\Desktop\Texture\main.cpp(534,43): warning C4305: 'argument': truncation from 'double' to 'float'
C:\Users\Mahadi Ankon\Desktop\Texture\main.cpp(534,25): warning C4305: 'argument': truncation from 'double' to 'float'
C:\Users\Mahadi Ankon\Desktop\Texture\main.cpp(538,54): warning C4305: 'argument': truncation from 'double' to 'float'
C:\Users\Mahadi Ankon\Desktop\Texture\main.cpp(538,48): warning C4305: 'argument': truncation from 'double' to 'float'
C:\Users\Mahadi Ankon\Desktop\Texture\main.cpp(538,43): warning C4305: 'argument': truncation from 'double' to 'float'
C:\Users\Mahadi Ankon\Desktop\Texture\main.cpp(538,25): warning C4305: 'argument': truncation from 'double' to 'float'
C:\Users\Mahadi Ankon\Desktop\Texture\main.cpp(542,54): warning C4305: 'argument': truncation from 'double' to 'float'
C:\Users\Mahadi Ankon\Desktop\Texture\main.cpp(542,48): warning C4305: 'argument': truncation from 'double' to 'float'
C:\Users\Mahadi Ankon\Desktop\Texture\main.cpp(542,43): warning C4305: 'argument': truncation from 'double' to 'float'
C:\Users\Mahadi Ankon\Desktop\Texture\main.cpp(542,25): warning C4305: 'argument': truncation from 'double' to 'float'
C:\Users\Mahadi Ankon\Desktop\Texture\main.cpp(550,64): warning C4305: 'argument': truncation from 'double' to 'float'
C:\Users\Mahadi Ankon\Desktop\Texture\main.cpp(550,36): warning C4305: 'argument': truncation from 'double' to 'float'
C:\Users\Mahadi Ankon\Desktop\Texture\main.cpp(554,54): warning C4305: 'argument': truncation from 'double' to 'float'
C:\Users\Mahadi Ankon\Desktop\Texture\main.cpp(554,43): warning C4305: 'argument': truncation from 'double' to 'float'
C:\Users\Mahadi Ankon\Desktop\Texture\main.cpp(554,26): warning C4305: 'argument': truncation from 'double' to 'float'
C:\Users\Mahadi Ankon\Desktop\Texture\main.cpp(558,54): warning C4305: 'argument': truncation from 'double' to 'float'
C:\Users\Mahadi Ankon\Desktop\Texture\main.cpp(558,43): warning C4305: 'argument': truncation from 'double' to 'float'
C:\Users\Mahadi Ankon\Desktop\Texture\main.cpp(558,26): warning C4305: 'argument': truncation from 'double' to 'float'
C:\Users\Mahadi Ankon\Desktop\Texture\main.cpp(558,20): warning C4305: 'argument': truncation from 'double' to 'float'
C:\Users\Mahadi Ankon\Desktop\Texture\main.cpp(562,55): warning C4305: 'argument': truncation from 'double' to 'float'
C:\Users\Mahadi Ankon\Desktop\Texture\main.cpp(562,44): warning C4305: 'argument': truncation from 'double' to 'float'
C:\Users\Mahadi Ankon\Desktop\Texture\main.cpp(562,27): warning C4305: 'argument': truncation from 'double' to 'float'
C:\Users\Mahadi Ankon\Desktop\Texture\main.cpp(562,20): warning C4305: 'argument': truncation from 'double' to 'float'
C:\Users\Mahadi Ankon\Desktop\Texture\main.cpp(566,54): warning C4305: 'argument': truncation from 'double' to 'float'
C:\Users\Mahadi Ankon\Desktop\Texture\main.cpp(566,49): warning C4305: 'argument': truncation from 'double' to 'float'
C:\Users\Mahadi Ankon\Desktop\Texture\main.cpp(566,44): warning C4305: 'argument': truncation from 'double' to 'float'
C:\Users\Mahadi Ankon\Desktop\Texture\main.cpp(566,20): warning C4305: 'argument': truncation from 'double' to 'float'
C:\Users\Mahadi Ankon\Desktop\Texture\main.cpp(570,56): warning C4305: 'argument': truncation from 'double' to 'float'
C:\Users\Mahadi Ankon\Desktop\Texture\main.cpp(570,45): warning C4305: 'argument': truncation from 'double' to 'float'
C:\Users\Mahadi Ankon\Desktop\Texture\main.cpp(570,31): warning C4305: 'argument': truncation from 'double' to 'float'
C:\Users\Mahadi Ankon\Desktop\Texture\main.cpp(570,26): warning C4305: 'argument': truncation from 'double' to 'float'
C:\Users\Mahadi Ankon\Desktop\Texture\main.cpp(573,51): warning C4305: 'argument': truncation from 'double' to 'float'
C:\Users\Mahadi Ankon\Desktop\Texture\main.cpp(573,46): warning C4305: 'argument': truncation from 'double' to 'float'
C:\Users\Mahadi Ankon\Desktop\Texture\main.cpp(573,24): warning C4305: 'argument': truncation from 'double' to 'float'
C:\Users\Mahadi Ankon\Desktop\Texture\main.cpp(582,22): warning C4305: 'initializing': truncation from 'double' to 'float'
C:\Users\Mahadi Ankon\Desktop\Texture\main.cpp(585,23): warning C4305: 'initializing': truncation from 'double' to 'float'
C:\Users\Mahadi Ankon\Desktop\Texture\main.cpp(586,24): warning C4305: 'initializing': truncation from 'double' to 'float'
C:\Users\Mahadi Ankon\Desktop\Texture\main.cpp(587,24): warning C4305: 'initializing': truncation from 'double' to 'float'
C:\Users\Mahadi Ankon\Desktop\Texture\main.cpp(588,25): warning C4305: 'initializing': truncation from 'double' to 'float'
C:\Users\Mahadi Ankon\Desktop\Texture\main.cpp(589,22): warning C4305: 'initializing': truncation from 'double' to 'float'
C:\Users\Mahadi Ankon\Desktop\Texture\main.cpp(592,40): warning C4305: 'argument': truncation from 'double' to 'float'
C:\Users\Mahadi Ankon\Desktop\Texture\main.cpp(597,63): warning C4244: 'argument': conversion from 'double' to 'float', possible loss of data
C:\Users\Mahadi Ankon\Desktop\Texture\main.cpp(597,30): warning C4305: 'argument': truncation from 'double' to 'float'
C:\Users\Mahadi Ankon\Desktop\Texture\main.cpp(597,24): warning C4305: 'argument': truncation from 'double' to 'float'
C:\Users\Mahadi Ankon\Desktop\Texture\main.cpp(602,59): warning C4305: 'argument': truncation from 'double' to 'float'
C:\Users\Mahadi Ankon\Desktop\Texture\main.cpp(602,31): warning C4305: 'argument': truncation from 'double' to 'float'
C:\Users\Mahadi Ankon\Desktop\Texture\main.cpp(602,26): warning C4305: 'argument': truncation from 'double' to 'float'
C:\Users\Mahadi Ankon\Desktop\Texture\main.cpp(602,20): warning C4305: 'argument': truncation from 'double' to 'float'
C:\Users\Mahadi Ankon\Desktop\Texture\main.cpp(607,59): warning C4305: 'argument': truncation from 'double' to 'float'
C:\Users\Mahadi Ankon\Desktop\Texture\main.cpp(607,31): warning C4305: 'argument': truncation from 'double' to 'float'
C:\Users\Mahadi Ankon\Desktop\Texture\main.cpp(607,26): warning C4305: 'argument': truncation from 'double' to 'float'
C:\Users\Mahadi Ankon\Desktop\Texture\main.cpp(607,20): warning C4305: 'argument': truncation from 'double' to 'float'
C:\Users\Mahadi Ankon\Desktop\Texture\main.cpp(616,63): warning C4244: 'argument': conversion from 'double' to 'float', possible loss of data
C:\Users\Mahadi Ankon\Desktop\Texture\main.cpp(616,47): warning C4305: 'argument': truncation from 'double' to 'float'
C:\Users\Mahadi Ankon\Desktop\Texture\main.cpp(616,33): warning C4305: 'argument': truncation from 'double' to 'float'
C:\Users\Mahadi Ankon\Desktop\Texture\main.cpp(616,20): warning C4305: 'argument': truncation from 'double' to 'float'
C:\Users\Mahadi Ankon\Desktop\Texture\main.cpp(624,69): warning C4305: 'argument': truncation from 'double' to 'float'
C:\Users\Mahadi Ankon\Desktop\Texture\main.cpp(624,64): warning C4305: 'argument': truncation from 'double' to 'float'
C:\Users\Mahadi Ankon\Desktop\Texture\main.cpp(624,30): warning C4305: 'argument': truncation from 'double' to 'float'
C:\Users\Mahadi Ankon\Desktop\Texture\main.cpp(775,56): warning C4305: 'argument': truncation from 'double' to 'float'
C:\Users\Mahadi Ankon\Desktop\Texture\main.cpp(775,34): warning C4305: 'argument': truncation from 'double' to 'float'
C:\Users\Mahadi Ankon\Desktop\Texture\main.cpp(775,28): warning C4305: 'argument': truncation from 'double' to 'float'
C:\Users\Mahadi Ankon\Desktop\Texture\main.cpp(806,56): warning C4305: 'argument': truncation from 'double' to 'float'
C:\Users\Mahadi Ankon\Desktop\Texture\main.cpp(806,34): warning C4305: 'argument': truncation from 'double' to 'float'
C:\Users\Mahadi Ankon\Desktop\Texture\main.cpp(806,28): warning C4305: 'argument': truncation from 'double' to 'float'
C:\Users\Mahadi Ankon\Desktop\Texture\main.cpp(809,65): warning C4305: 'argument': truncation from 'double' to 'float'
C:\Users\Mahadi Ankon\Desktop\Texture\main.cpp(809,40): warning C4305: 'argument': truncation from 'double' to 'float'
C:\Users\Mahadi Ankon\Desktop\Texture\main.cpp(809,34): warning C4305: 'argument': truncation from 'double' to 'float'
C:\Users\Mahadi Ankon\Desktop\Texture\main.cpp(809,28): warning C4305: 'argument': truncation from 'double' to 'float'
C:\Users\Mahadi Ankon\Desktop\Texture\main.cpp(812,63): warning C4305: 'argument': truncation from 'double' to 'float'
C:\Users\Mahadi Ankon\Desktop\Texture\main.cpp(812,39): warning C4305: 'argument': truncation from 'double' to 'float'
C:\Users\Mahadi Ankon\Desktop\Texture\main.cpp(812,34): warning C4305: 'argument': truncation from 'double' to 'float'
C:\Users\Mahadi Ankon\Desktop\Texture\main.cpp(817,62): warning C4305: 'argument': truncation from 'double' to 'float'
C:\Users\Mahadi Ankon\Desktop\Texture\main.cpp(817,43): warning C4305: 'argument': truncation from 'double' to 'float'
C:\Users\Mahadi Ankon\Desktop\Texture\main.cpp(817,38): warning C4305: 'argument': truncation from 'double' to 'float'
C:\Users\Mahadi Ankon\Desktop\Texture\main.cpp(817,33): warning C4305: 'argument': truncation from 'double' to 'float'
C:\Users\Mahadi Ankon\Desktop\Texture\main.cpp(822,62): warning C4305: 'argument': truncation from 'double' to 'float'
C:\Users\Mahadi Ankon\Desktop\Texture\main.cpp(822,33): warning C4305: 'argument': truncation from 'double' to 'float'
C:\Users\Mahadi Ankon\Desktop\Texture\main.cpp(827,60): warning C4305: 'argument': truncation from 'double' to 'float'
C:\Users\Mahadi Ankon\Desktop\Texture\main.cpp(827,55): warning C4305: 'argument': truncation from 'double' to 'float'
C:\Users\Mahadi Ankon\Desktop\Texture\main.cpp(827,31): warning C4305: 'argument': truncation from 'double' to 'float'
C:\Users\Mahadi Ankon\Desktop\Texture\main.cpp(827,24): warning C4305: 'argument': truncation from 'double' to 'float'
C:\Users\Mahadi Ankon\Desktop\Texture\main.cpp(833,60): warning C4305: 'argument': truncation from 'double' to 'float'
C:\Users\Mahadi Ankon\Desktop\Texture\main.cpp(833,55): warning C4305: 'argument': truncation from 'double' to 'float'
C:\Users\Mahadi Ankon\Desktop\Texture\main.cpp(833,50): warning C4305: 'argument': truncation from 'double' to 'float'
C:\Users\Mahadi Ankon\Desktop\Texture\main.cpp(833,35): warning C4305: 'argument': truncation from 'double' to 'float'
C:\Users\Mahadi Ankon\Desktop\Texture\main.cpp(833,30): warning C4305: 'argument': truncation from 'double' to 'float'
C:\Users\Mahadi Ankon\Desktop\Texture\main.cpp(833,24): warning C4305: 'argument': truncation from 'double' to 'float'
C:\Users\Mahadi Ankon\Desktop\Texture\main.cpp(838,58): warning C4305: 'argument': truncation from 'double' to 'float'
C:\Users\Mahadi Ankon\Desktop\Texture\main.cpp(838,53): warning C4305: 'argument': truncation from 'double' to 'float'
C:\Users\Mahadi Ankon\Desktop\Texture\main.cpp(838,48): warning C4305: 'argument': truncation from 'double' to 'float'
C:\Users\Mahadi Ankon\Desktop\Texture\main.cpp(838,33): warning C4305: 'argument': truncation from 'double' to 'float'
C:\Users\Mahadi Ankon\Desktop\Texture\main.cpp(838,23): warning C4305: 'argument': truncation from 'double' to 'float'
C:\Users\Mahadi Ankon\Desktop\Texture\main.cpp(843,59): warning C4305: 'argument': truncation from 'double' to 'float'
C:\Users\Mahadi Ankon\Desktop\Texture\main.cpp(843,54): warning C4305: 'argument': truncation from 'double' to 'float'
C:\Users\Mahadi Ankon\Desktop\Texture\main.cpp(843,49): warning C4305: 'argument': truncation from 'double' to 'float'
C:\Users\Mahadi Ankon\Desktop\Texture\main.cpp(843,34): warning C4305: 'argument': truncation from 'double' to 'float'
C:\Users\Mahadi Ankon\Desktop\Texture\main.cpp(843,24): warning C4305: 'argument': truncation from 'double' to 'float'
C:\Users\Mahadi Ankon\Desktop\Texture\main.cpp(865,21): warning C4305: '+=': truncation from 'double' to 'float'
C:\Users\Mahadi Ankon\Desktop\Texture\main.cpp(865,31): warning C4305: '+=': truncation from 'double' to 'float'
C:\Users\Mahadi Ankon\Desktop\Texture\main.cpp(865,41): warning C4305: '+=': truncation from 'double' to 'float'
C:\Users\Mahadi Ankon\Desktop\Texture\main.cpp(868,21): warning C4305: '+=': truncation from 'double' to 'float'
C:\Users\Mahadi Ankon\Desktop\Texture\main.cpp(873,21): warning C4305: '+=': truncation from 'double' to 'float'
C:\Users\Mahadi Ankon\Desktop\Texture\main.cpp(873,31): warning C4305: '+=': truncation from 'double' to 'float'
C:\Users\Mahadi Ankon\Desktop\Texture\main.cpp(873,41): warning C4305: '+=': truncation from 'double' to 'float'
C:\Users\Mahadi Ankon\Desktop\Texture\main.cpp(874,66): warning C4305: 'argument': truncation from 'double' to 'float'
C:\Users\Mahadi Ankon\Desktop\Texture\main.cpp(874,45): warning C4244: 'argument': conversion from 'double' to 'float', possible loss of data
C:\Users\Mahadi Ankon\Desktop\Texture\main.cpp(874,35): warning C4305: 'argument': truncation from 'double' to 'float'
C:\Users\Mahadi Ankon\Desktop\Texture\main.cpp(876,21): warning C4305: '+=': truncation from 'double' to 'float'
C:\Users\Mahadi Ankon\Desktop\Texture\main.cpp(881,21): warning C4305: '+=': truncation from 'double' to 'float'
C:\Users\Mahadi Ankon\Desktop\Texture\main.cpp(881,31): warning C4305: '+=': truncation from 'double' to 'float'
C:\Users\Mahadi Ankon\Desktop\Texture\main.cpp(881,41): warning C4305: '+=': truncation from 'double' to 'float'
C:\Users\Mahadi Ankon\Desktop\Texture\main.cpp(882,64): warning C4305: 'argument': truncation from 'double' to 'float'
C:\Users\Mahadi Ankon\Desktop\Texture\main.cpp(882,43): warning C4244: 'argument': conversion from 'double' to 'float', possible loss of data
C:\Users\Mahadi Ankon\Desktop\Texture\main.cpp(884,21): warning C4305: '+=': truncation from 'double' to 'float'
C:\Users\Mahadi Ankon\Desktop\Texture\main.cpp(906,59): warning C4305: 'argument': truncation from 'double' to 'float'
C:\Users\Mahadi Ankon\Desktop\Texture\main.cpp(906,44): warning C4244: 'argument': conversion from 'float' to 'int', possible loss of data
C:\Users\Mahadi Ankon\Desktop\Texture\main.cpp(906,28): warning C4305: 'argument': truncation from 'double' to 'float'
C:\Users\Mahadi Ankon\Desktop\Texture\main.cpp(909,57): warning C4305: 'argument': truncation from 'double' to 'float'
C:\Users\Mahadi Ankon\Desktop\Texture\main.cpp(909,52): warning C4305: 'argument': truncation from 'double' to 'float'
C:\Users\Mahadi Ankon\Desktop\Texture\main.cpp(909,47): warning C4305: 'argument': truncation from 'double' to 'float'
C:\Users\Mahadi Ankon\Desktop\Texture\main.cpp(909,28): warning C4305: 'argument': truncation from 'double' to 'float'
C:\Users\Mahadi Ankon\Desktop\Texture\main.cpp(909,24): warning C4305: 'argument': truncation from 'double' to 'float'
C:\Users\Mahadi Ankon\Desktop\Texture\main.cpp(914,42): warning C4305: 'argument': truncation from 'double' to 'float'
C:\Users\Mahadi Ankon\Desktop\Texture\main.cpp(914,35): warning C4305: 'argument': truncation from 'double' to 'float'
C:\Users\Mahadi Ankon\Desktop\Texture\main.cpp(914,28): warning C4305: 'argument': truncation from 'double' to 'float'
C:\Users\Mahadi Ankon\Desktop\Texture\main.cpp(919,28): warning C4305: 'argument': truncation from 'double' to 'float'
  Lighting.vcxproj -> C:\Users\Mahadi Ankon\Desktop\Texture\x64\Debug\Lighting.exe
